1459872000000
1459872000000
1459872000000
1459872000000
1459872004000
1459872005000
1459872005000
1459872006000
1459872006000
1459872006000
1459872006000
1459872006000
1459872006000
1459872007000
1459872008000
1459872010000
1459872010000
1459872010000
1459872011000
1459872013000
1459872014000
1459872015000
1459872015000
1459872017000
1459872018000
1459872018000
1459872018000
1459872020000
1459872021000
1459872023000
1459872023000
1459872023000
1459872024000
1459872024000
1459872024000
1459872025000
1459872025000
1459872026000
1459872027000
1459872028000
1459872029000
1459872029000
1459872029000
1459872029000
1459872031000
1459872033000
1459872033000
1459872034000
1459872035000
1459872037000
1459872037000
1459872038000
1459872039000
1459872041000
1459872042000
1459872042000
1459872042000
1459872042000
1459872043000
1459872043000
1459872044000
1459872044000
1459872045000
1459872046000
1459872046000
1459872046000
1459872046000
1459872047000
1459872047000
1459872048000
1459872048000
1459872049000
1459872049000
1459872049000
1459872050000
1459872050000
1459872050000
1459872050000
1459872051000
1459872051000
1459872051000
1459872052000
1459872052000
1459872052000
1459872053000
1459872053000
1459872054000
1459872055000
1459872057000
1459872057000
1459872058000
1459872059000
1459872059000
1459872060000
1459872060000
1459872062000
1459872062000
1459872062000
1459872063000
1459872064000